<?xml version="1.0" encoding="UTF-8"?>
<!-- Generated by org.testng.reporters.JUnitXMLReporter -->
<testsuite ignored="0" hostname="Ankurs-MacBook-Air.local" failures="0" tests="2" name="Error Validation" time="21.908" errors="0" timestamp="2026-02-03T22:41:50 IST">
  <testcase classname="ankurgoyal.tests.ErrorValidations" name="LoginErrorValidation" time="2.18"/>
  <testcase classname="ankurgoyal.tests.ErrorValidations" name="productErrorValidation" time="14.523"/>
</testsuite> <!-- Error Validation -->
