<?xml version="1.0" encoding="UTF-8"?>
<!-- Generated by org.testng.reporters.JUnitXMLReporter -->
<testsuite ignored="0" hostname="Ankurs-MacBook-Air.local" failures="1" tests="3" name="Submit Order" time="55.311" errors="0" timestamp="2026-02-03T22:41:28 IST">
  <testcase classname="ankurgoyal.tests.SubmitOrder" name="SubmitOrder" time="15.174"/>
  <testcase classname="ankurgoyal.tests.SubmitOrder" name="SubmitOrder" time="24.572">
    <failure type="java.lang.AssertionError" message="expected [true] but found [false]">
      <![CDATA[java.lang.AssertionError: expected [true] but found [false]
at ankurgoyal.tests.SubmitOrder.SubmitOrder(SubmitOrder.java:57)
at java.base/java.util.ArrayList.forEach(ArrayList.java:1604)
... Removed 29 stack frames]]>
    </failure>
  </testcase> <!-- SubmitOrder -->
  <testcase classname="ankurgoyal.tests.SubmitOrder" name="OrderHistoryTest" time="0.0">
    <skipped/>
  </testcase> <!-- OrderHistoryTest -->
</testsuite> <!-- Submit Order -->
