<?xml version="1.0" encoding="UTF-8"?>
<!-- Generated by org.testng.reporters.JUnitXMLReporter -->
<testsuite ignored="0" hostname="Ankurs-MacBook-Air.local" failures="0" tests="2" name="Error Validation" time="31.056" errors="0" timestamp="2026-02-14T01:37:36 IST">
  <testcase classname="ankurgoyal.tests.ErrorValidations" name="LoginErrorValidation" time="2.903"/>
  <testcase classname="ankurgoyal.tests.ErrorValidations" name="productErrorValidation" time="24.626"/>
</testsuite> <!-- Error Validation -->
