<?xml version="1.0" encoding="UTF-8"?>
<!-- Generated by org.testng.reporters.JUnitXMLReporter -->
<testsuite ignored="0" hostname="Ankurs-MacBook-Air.local" failures="0" tests="2" name="Submit Order" time="82.288" errors="0" timestamp="2026-02-14T01:38:27 IST">
  <testcase classname="ankurgoyal.tests.SubmitOrder" name="SubmitOrder" time="17.051"/>
  <testcase classname="ankurgoyal.tests.SubmitOrder" name="SubmitOrder" time="41.385">
    <skipped/>
  </testcase> <!-- SubmitOrder -->
</testsuite> <!-- Submit Order -->
