<?xml version="1.0" encoding="UTF-8"?>
<!-- Generated by org.testng.reporters.JUnitReportReporter -->
<testsuite hostname="Ankurs-MacBook-Air.local" failures="0" tests="2" name="ankurgoyal.tests.ErrorValidations" time="21.904" errors="0" timestamp="2026-02-03T22:41:50 IST" skipped="0">
  <testcase classname="ankurgoyal.tests.ErrorValidations" name="LoginErrorValidation" time="5.889"/>
  <testcase classname="ankurgoyal.tests.ErrorValidations" name="productErrorValidation" time="16.015"/>
</testsuite> <!-- ankurgoyal.tests.ErrorValidations -->
