<?xml version="1.0" encoding="UTF-8"?>
<!-- Generated by org.testng.reporters.JUnitReportReporter -->
<testsuite hostname="Ankurs-MacBook-Air.local" failures="0" tests="2" name="ankurgoyal.tests.ErrorValidations" time="31.041" errors="0" timestamp="2026-02-14T01:38:27 IST" skipped="0">
  <testcase classname="ankurgoyal.tests.ErrorValidations" name="LoginErrorValidation" time="4.474"/>
  <testcase classname="ankurgoyal.tests.ErrorValidations" name="productErrorValidation" time="26.567"/>
</testsuite> <!-- ankurgoyal.tests.ErrorValidations -->
